2012-06-21T07:51:14+02:00 INFO (6): UserController::loginAction
2012-06-21T07:51:29+02:00 INFO (6): UserController::loginAction
2012-06-21T07:51:30+02:00 INFO (6): Application_Service_User::isValid
2012-06-21T07:51:35+02:00 DEBUG (7): Application_Model_User::__set_state(array(
   '_email' => 'admin@testzend.com',
   '_roleId' => '1',
   '_modelType' => 'User',
   '_id' => '1',
   '_name' => 'admin',
   '_createdBy' => NULL,
))
2012-06-21T07:59:24+02:00 INFO (6): App_Controller_Plugin_Auth::preDispatch
2012-06-21T07:59:24+02:00 INFO (6): admin
2012-06-21T07:59:24+02:00 INFO (6): here
2012-06-21T07:59:28+02:00 INFO (6): App_Controller_Plugin_Auth::preDispatch
2012-06-21T07:59:28+02:00 INFO (6): default
2012-06-21T07:59:28+02:00 INFO (6): App_Controller_Plugin_Auth::preDispatch
2012-06-21T07:59:28+02:00 INFO (6): default
2012-06-21T07:59:28+02:00 INFO (6): UserController::loginAction
2012-06-21T07:59:38+02:00 INFO (6): App_Controller_Plugin_Auth::preDispatch
2012-06-21T07:59:38+02:00 INFO (6): admin
2012-06-21T07:59:38+02:00 INFO (6): UserController::loginAction
2012-06-21T07:59:47+02:00 INFO (6): App_Controller_Plugin_Auth::preDispatch
2012-06-21T07:59:47+02:00 INFO (6): admin
2012-06-21T07:59:47+02:00 INFO (6): UserController::loginAction
2012-06-21T07:59:47+02:00 INFO (6): Application_Service_User::isValid
2012-06-21T07:59:47+02:00 DEBUG (7): Application_Model_User::__set_state(array(
   '_email' => 'admin@testzend.com',
   '_roleId' => '1',
   '_modelType' => 'User',
   '_id' => '1',
   '_name' => 'admin',
   '_createdBy' => NULL,
))
2012-06-21T07:59:48+02:00 INFO (6): App_Controller_Plugin_Auth::preDispatch
2012-06-21T07:59:48+02:00 INFO (6): admin
2012-06-21T07:59:48+02:00 INFO (6): here
2012-06-21T07:59:50+02:00 INFO (6): App_Controller_Plugin_Auth::preDispatch
2012-06-21T07:59:50+02:00 INFO (6): admin
2012-06-21T07:59:50+02:00 INFO (6): here
2012-06-21T07:59:52+02:00 INFO (6): App_Controller_Plugin_Auth::preDispatch
2012-06-21T07:59:52+02:00 INFO (6): admin
2012-06-21T07:59:52+02:00 INFO (6): here
2012-06-21T07:59:54+02:00 INFO (6): App_Controller_Plugin_Auth::preDispatch
2012-06-21T07:59:54+02:00 INFO (6): admin
2012-06-21T07:59:55+02:00 INFO (6): here
2012-06-21T07:59:56+02:00 INFO (6): App_Controller_Plugin_Auth::preDispatch
2012-06-21T07:59:56+02:00 INFO (6): default
2012-06-21T07:59:56+02:00 INFO (6): IndexController::indexAction
2012-06-21T08:00:00+02:00 INFO (6): App_Controller_Plugin_Auth::preDispatch
2012-06-21T08:00:00+02:00 INFO (6): default
2012-06-21T08:00:00+02:00 INFO (6): IndexController::indexAction
2012-06-21T08:00:06+02:00 INFO (6): App_Controller_Plugin_Auth::preDispatch
2012-06-21T08:00:06+02:00 INFO (6): default
2012-06-21T08:00:06+02:00 INFO (6): IndexController::indexAction
2012-06-21T08:00:14+02:00 INFO (6): App_Controller_Plugin_Auth::preDispatch
2012-06-21T08:00:14+02:00 INFO (6): default
2012-06-21T08:00:14+02:00 INFO (6): IndexController::indexAction
2012-06-21T08:06:42+02:00 INFO (6): App_Controller_Plugin_Auth::preDispatch
2012-06-21T08:06:42+02:00 INFO (6): default
2012-06-21T08:06:42+02:00 INFO (6): IndexController::indexAction
2012-06-21T08:06:48+02:00 INFO (6): App_Controller_Plugin_Auth::preDispatch
2012-06-21T08:06:48+02:00 INFO (6): default
2012-06-21T08:06:48+02:00 INFO (6): IndexController::indexAction
2012-06-21T08:06:57+02:00 INFO (6): App_Controller_Plugin_Auth::preDispatch
2012-06-21T08:06:57+02:00 INFO (6): default
2012-06-21T08:06:57+02:00 INFO (6): IndexController::indexAction
2012-06-21T08:07:03+02:00 INFO (6): App_Controller_Plugin_Auth::preDispatch
2012-06-21T08:07:03+02:00 INFO (6): default
2012-06-21T08:07:03+02:00 INFO (6): IndexController::indexAction
2012-06-21T08:07:12+02:00 INFO (6): App_Controller_Plugin_Auth::preDispatch
2012-06-21T08:07:12+02:00 INFO (6): default
2012-06-21T08:07:12+02:00 INFO (6): IndexController::indexAction
2012-06-21T08:07:48+02:00 INFO (6): App_Controller_Plugin_Auth::preDispatch
2012-06-21T08:07:48+02:00 INFO (6): admin
2012-06-21T08:07:48+02:00 INFO (6): here
2012-06-21T08:07:51+02:00 INFO (6): App_Controller_Plugin_Auth::preDispatch
2012-06-21T08:07:51+02:00 INFO (6): default
2012-06-21T08:07:52+02:00 INFO (6): App_Controller_Plugin_Auth::preDispatch
2012-06-21T08:07:52+02:00 INFO (6): default
2012-06-21T08:07:52+02:00 INFO (6): UserController::loginAction
2012-06-21T08:07:56+02:00 INFO (6): App_Controller_Plugin_Auth::preDispatch
2012-06-21T08:07:56+02:00 INFO (6): default
2012-06-21T08:07:56+02:00 INFO (6): IndexController::indexAction
2012-06-21T08:08:01+02:00 INFO (6): App_Controller_Plugin_Auth::preDispatch
2012-06-21T08:08:01+02:00 INFO (6): default
2012-06-21T08:08:01+02:00 INFO (6): IndexController::indexAction
2012-06-21T08:08:35+02:00 INFO (6): App_Controller_Plugin_Auth::preDispatch
2012-06-21T08:08:35+02:00 INFO (6): default
2012-06-21T08:08:35+02:00 INFO (6): IndexController::indexAction
2012-06-21T08:09:05+02:00 INFO (6): App_Controller_Plugin_Auth::preDispatch
2012-06-21T08:09:05+02:00 INFO (6): default
2012-06-21T08:09:05+02:00 INFO (6): IndexController::indexAction
2012-06-21T08:09:27+02:00 INFO (6): App_Controller_Plugin_Auth::preDispatch
2012-06-21T08:09:27+02:00 INFO (6): default
2012-06-21T08:09:27+02:00 INFO (6): IndexController::indexAction
2012-06-21T08:14:24+02:00 INFO (6): App_Controller_Plugin_Auth::preDispatch
2012-06-21T08:14:24+02:00 INFO (6): default
2012-06-21T08:14:24+02:00 INFO (6): IndexController::indexAction
2012-06-21T08:14:42+02:00 INFO (6): App_Controller_Plugin_Auth::preDispatch
2012-06-21T08:14:42+02:00 INFO (6): default
2012-06-21T08:14:42+02:00 INFO (6): IndexController::indexAction
2012-06-21T08:15:09+02:00 INFO (6): App_Controller_Plugin_Auth::preDispatch
2012-06-21T08:15:09+02:00 INFO (6): default
2012-06-21T08:15:09+02:00 INFO (6): UserController::loginAction
2012-06-21T08:18:08+02:00 INFO (6): App_Controller_Plugin_Auth::preDispatch
2012-06-21T08:18:08+02:00 INFO (6): default
2012-06-21T08:18:08+02:00 INFO (6): UserController::loginAction
2012-06-21T08:22:46+02:00 INFO (6): App_Controller_Plugin_Auth::preDispatch
2012-06-21T08:22:46+02:00 INFO (6): default
2012-06-21T08:22:46+02:00 INFO (6): UserController::loginAction
2012-06-21T08:22:50+02:00 INFO (6): App_Controller_Plugin_Auth::preDispatch
2012-06-21T08:22:50+02:00 INFO (6): default
2012-06-21T08:22:50+02:00 INFO (6): IndexController::indexAction
2012-06-21T08:23:10+02:00 INFO (6): App_Controller_Plugin_Auth::preDispatch
2012-06-21T08:23:10+02:00 INFO (6): default
2012-06-21T08:23:10+02:00 INFO (6): UserController::loginAction
2012-06-21T08:23:10+02:00 INFO (6): Application_Service_User::isValid
2012-06-21T08:23:11+02:00 DEBUG (7): Application_Model_User::__set_state(array(
   '_email' => 'admin@testzend.com',
   '_roleId' => '1',
   '_modelType' => 'User',
   '_id' => '1',
   '_name' => 'admin',
   '_createdBy' => NULL,
))
2012-06-21T08:23:11+02:00 INFO (6): App_Controller_Plugin_Auth::preDispatch
2012-06-21T08:23:11+02:00 INFO (6): admin
2012-06-21T08:23:11+02:00 INFO (6): here
2012-06-21T08:27:15+02:00 INFO (6): App_Controller_Plugin_Auth::preDispatch
2012-06-21T08:27:15+02:00 INFO (6): default
2012-06-21T08:27:16+02:00 INFO (6): App_Controller_Plugin_Auth::preDispatch
2012-06-21T08:27:16+02:00 INFO (6): default
2012-06-21T08:27:16+02:00 INFO (6): UserController::loginAction
2012-06-21T08:27:23+02:00 INFO (6): App_Controller_Plugin_Auth::preDispatch
2012-06-21T08:27:23+02:00 INFO (6): default
2012-06-21T08:27:23+02:00 INFO (6): IndexController::indexAction
2012-06-21T10:09:19+02:00 INFO (6): App_Controller_Plugin_Auth::preDispatch
2012-06-21T10:09:19+02:00 INFO (6): default
2012-06-21T10:09:19+02:00 INFO (6): IndexController::indexAction
2012-06-21T10:11:29+02:00 INFO (6): App_Controller_Plugin_Auth::preDispatch
2012-06-21T10:11:29+02:00 INFO (6): default
2012-06-21T10:11:29+02:00 INFO (6): IndexController::indexAction
2012-06-21T10:11:34+02:00 INFO (6): App_Controller_Plugin_Auth::preDispatch
2012-06-21T10:11:34+02:00 INFO (6): default
2012-06-21T10:11:34+02:00 INFO (6): UserController::loginAction
2012-06-21T10:11:43+02:00 INFO (6): App_Controller_Plugin_Auth::preDispatch
2012-06-21T10:11:43+02:00 INFO (6): default
2012-06-21T10:11:43+02:00 INFO (6): IndexController::indexAction
2012-06-21T10:11:50+02:00 INFO (6): App_Controller_Plugin_Auth::preDispatch
2012-06-21T10:11:50+02:00 INFO (6): default
2012-06-21T10:11:50+02:00 INFO (6): UserController::loginAction
2012-06-21T10:11:56+02:00 INFO (6): App_Controller_Plugin_Auth::preDispatch
2012-06-21T10:11:56+02:00 INFO (6): default
2012-06-21T10:11:56+02:00 INFO (6): UserController::loginAction
2012-06-21T10:11:57+02:00 INFO (6): Application_Service_User::isValid
2012-06-21T10:11:57+02:00 DEBUG (7): Application_Model_User::__set_state(array(
   '_email' => 'admin@testzend.com',
   '_roleId' => '1',
   '_modelType' => 'User',
   '_id' => '1',
   '_name' => 'admin',
   '_createdBy' => NULL,
))
2012-06-21T10:11:57+02:00 INFO (6): App_Controller_Plugin_Auth::preDispatch
2012-06-21T10:11:57+02:00 INFO (6): admin
2012-06-21T10:11:58+02:00 INFO (6): here
2012-06-21T10:12:04+02:00 INFO (6): App_Controller_Plugin_Auth::preDispatch
2012-06-21T10:12:04+02:00 INFO (6): default
2012-06-21T10:12:04+02:00 INFO (6): IndexController::indexAction
2012-06-21T10:12:12+02:00 INFO (6): App_Controller_Plugin_Auth::preDispatch
2012-06-21T10:12:12+02:00 INFO (6): default
2012-06-21T10:12:13+02:00 INFO (6): App_Controller_Plugin_Auth::preDispatch
2012-06-21T10:12:13+02:00 INFO (6): default
2012-06-21T10:12:13+02:00 INFO (6): UserController::loginAction
2012-06-21T10:13:10+02:00 INFO (6): App_Controller_Plugin_Auth::preDispatch
2012-06-21T10:13:10+02:00 INFO (6): default
2012-06-21T10:13:10+02:00 INFO (6): UserController::loginAction
2012-06-21T10:13:10+02:00 INFO (6): Application_Service_User::isValid
2012-06-21T10:13:10+02:00 DEBUG (7): Application_Model_User::__set_state(array(
   '_email' => 'admin@testzend.com',
   '_roleId' => '1',
   '_modelType' => 'User',
   '_id' => '1',
   '_name' => 'admin',
   '_createdBy' => NULL,
))
2012-06-21T10:13:11+02:00 INFO (6): App_Controller_Plugin_Auth::preDispatch
2012-06-21T10:13:11+02:00 INFO (6): admin
2012-06-21T10:13:11+02:00 INFO (6): here
2012-06-21T10:13:16+02:00 INFO (6): App_Controller_Plugin_Auth::preDispatch
2012-06-21T10:13:16+02:00 INFO (6): default
2012-06-21T10:13:16+02:00 INFO (6): IndexController::indexAction
2012-06-21T10:26:41+02:00 INFO (6): App_Controller_Plugin_Auth::preDispatch
2012-06-21T10:26:41+02:00 INFO (6): default
2012-06-21T10:26:41+02:00 INFO (6): IndexController::indexAction
2012-06-21T10:26:50+02:00 INFO (6): App_Controller_Plugin_Auth::preDispatch
2012-06-21T10:26:50+02:00 INFO (6): admin
2012-06-21T10:26:50+02:00 INFO (6): here
2012-06-21T10:26:58+02:00 INFO (6): App_Controller_Plugin_Auth::preDispatch
2012-06-21T10:26:58+02:00 INFO (6): default
2012-06-21T10:26:58+02:00 INFO (6): IndexController::indexAction
2012-06-21T10:27:34+02:00 INFO (6): App_Controller_Plugin_Auth::preDispatch
2012-06-21T10:27:34+02:00 INFO (6): default
2012-06-21T10:27:34+02:00 INFO (6): IndexController::indexAction
2012-06-21T10:30:30+02:00 INFO (6): App_Controller_Plugin_Auth::preDispatch
2012-06-21T10:30:30+02:00 INFO (6): default
2012-06-21T10:30:30+02:00 INFO (6): IndexController::indexAction
2012-06-21T10:30:51+02:00 INFO (6): App_Controller_Plugin_Auth::preDispatch
2012-06-21T10:30:51+02:00 INFO (6): default
2012-06-21T10:30:51+02:00 INFO (6): IndexController::indexAction
2012-06-21T10:31:35+02:00 INFO (6): App_Controller_Plugin_Auth::preDispatch
2012-06-21T10:31:35+02:00 INFO (6): default
2012-06-21T10:31:35+02:00 INFO (6): IndexController::indexAction
2012-06-21T10:32:52+02:00 INFO (6): App_Controller_Plugin_Auth::preDispatch
2012-06-21T10:32:52+02:00 INFO (6): default
2012-06-21T10:32:52+02:00 INFO (6): IndexController::indexAction
2012-06-21T10:33:34+02:00 INFO (6): App_Controller_Plugin_Auth::preDispatch
2012-06-21T10:33:34+02:00 INFO (6): default
2012-06-21T10:33:34+02:00 INFO (6): IndexController::indexAction
2012-06-21T10:34:11+02:00 INFO (6): App_Controller_Plugin_Auth::preDispatch
2012-06-21T10:34:11+02:00 INFO (6): default
2012-06-21T10:34:11+02:00 INFO (6): IndexController::indexAction
2012-06-21T10:35:27+02:00 INFO (6): App_Controller_Plugin_Auth::preDispatch
2012-06-21T10:35:27+02:00 INFO (6): default
2012-06-21T10:35:28+02:00 INFO (6): IndexController::indexAction
2012-06-21T10:38:41+02:00 INFO (6): App_Controller_Plugin_Auth::preDispatch
2012-06-21T10:38:41+02:00 INFO (6): default
2012-06-21T10:38:41+02:00 INFO (6): IndexController::indexAction
2012-06-21T10:40:38+02:00 INFO (6): App_Controller_Plugin_Auth::preDispatch
2012-06-21T10:40:38+02:00 INFO (6): default
2012-06-21T10:40:39+02:00 INFO (6): IndexController::indexAction
2012-06-21T10:45:31+02:00 INFO (6): App_Controller_Plugin_Auth::preDispatch
2012-06-21T10:45:31+02:00 INFO (6): default
2012-06-21T10:45:31+02:00 INFO (6): IndexController::indexAction
2012-06-21T10:46:07+02:00 INFO (6): App_Controller_Plugin_Auth::preDispatch
2012-06-21T10:46:07+02:00 INFO (6): default
2012-06-21T10:46:07+02:00 INFO (6): IndexController::indexAction
2012-06-21T10:46:12+02:00 INFO (6): App_Controller_Plugin_Auth::preDispatch
2012-06-21T10:46:12+02:00 INFO (6): default
2012-06-21T10:46:12+02:00 INFO (6): IndexController::indexAction
2012-06-21T10:46:45+02:00 INFO (6): App_Controller_Plugin_Auth::preDispatch
2012-06-21T10:46:45+02:00 INFO (6): default
2012-06-21T10:46:45+02:00 INFO (6): IndexController::indexAction
2012-06-21T10:47:14+02:00 INFO (6): App_Controller_Plugin_Auth::preDispatch
2012-06-21T10:47:14+02:00 INFO (6): default
2012-06-21T10:47:15+02:00 INFO (6): IndexController::indexAction
2012-06-21T10:47:55+02:00 INFO (6): App_Controller_Plugin_Auth::preDispatch
2012-06-21T10:47:55+02:00 INFO (6): admin
2012-06-21T10:47:55+02:00 INFO (6): here
2012-06-21T10:48:36+02:00 INFO (6): App_Controller_Plugin_Auth::preDispatch
2012-06-21T10:48:36+02:00 INFO (6): default
2012-06-21T10:48:36+02:00 INFO (6): IndexController::indexAction
